2023-02-05 11:09:41,096 UTC INFO  [main] io.moquette.broker.config.ResourceLoaderConfig Loading configuration. ResourceLoader = classpath resource, configName = null.
2023-02-05 11:09:41,102 UTC INFO  [main] io.moquette.broker.config.ClasspathResourceLoader Loading resource. RelativePath = config/moquette.conf.
2023-02-05 11:09:41,102 UTC ERROR [main] io.moquette.broker.config.ResourceLoaderConfig The resource loader returned no configuration reader. ResourceLoader = classpath resource, configName = null.
2023-02-05 11:11:56,538 UTC INFO  [main] io.moquette.broker.config.ResourceLoaderConfig Loading configuration. ResourceLoader = classpath resource, configName = null.
2023-02-05 11:11:56,542 UTC INFO  [main] io.moquette.broker.config.ClasspathResourceLoader Loading resource. RelativePath = config/moquette.conf.
2023-02-05 11:11:56,545 UTC INFO  [main] io.moquette.broker.config.ResourceLoaderConfig Parsing configuration properties. ResourceLoader = classpath resource, configName = null.
2023-02-05 11:11:56,559 UTC INFO  [main] io.moquette.broker.Server Configuring message interceptors...
2023-02-05 11:11:56,561 UTC INFO  [main] io.moquette.interception.BrokerInterceptor Initializing broker interceptor. InterceptorIds=[]
2023-02-05 11:11:56,562 UTC INFO  [main] io.moquette.broker.Server Using default SSL context creator
2023-02-05 11:11:56,563 UTC INFO  [main] io.moquette.broker.Server An io.moquette.broker.security.AcceptAllAuthenticator authenticator instance will be used
2023-02-05 11:11:56,564 UTC INFO  [main] io.moquette.broker.Server Authorizator policy io.moquette.broker.security.PermitAllAuthorizatorPolicy instance will be used
2023-02-05 11:11:56,568 UTC INFO  [main] io.moquette.broker.subscriptions.CTrieSubscriptionDirectory Initializing CTrie
2023-02-05 11:11:56,571 UTC INFO  [main] io.moquette.broker.subscriptions.CTrieSubscriptionDirectory Initializing subscriptions store...
2023-02-05 11:11:56,647 UTC INFO  [main] io.moquette.broker.NewNettyAcceptor Netty is using NIO
2023-02-05 11:11:57,616 UTC INFO  [main] io.moquette.broker.NewNettyAcceptor Server bound to host=0.0.0.0, port=1883, protocol=TCP MQTT
2023-02-05 11:11:57,622 UTC INFO  [main] io.moquette.broker.NewNettyAcceptor Property websocket_port has been setted to disabled. Websocket MQTT will be disabled
2023-02-05 11:11:57,623 UTC INFO  [main] io.moquette.broker.Server Moquette integration has been started successfully in 1073 ms
2023-02-05 11:11:59,097 UTC INFO  [main] com.rienel.mqttdemo.MqttDemoApplicationKt Starting MqttDemoApplicationKt using Java 11.0.8 on LAPTOP-I6SR58FM with PID 26140 (D:\Projects\Sources\mqttdemo\build\classes\kotlin\main started by Rienel in D:\Projects\Sources\mqttdemo)
2023-02-05 11:11:59,098 UTC INFO  [main] com.rienel.mqttdemo.MqttDemoApplicationKt No active profile set, falling back to 1 default profile: "default"
2023-02-05 11:12:00,994 UTC INFO  [main] org.springframework.integration.config.DefaultConfiguringBeanFactoryPostProcessor No bean named 'errorChannel' has been explicitly defined. Therefore, a default PublishSubscribeChannel will be created.
2023-02-05 11:12:01,052 UTC INFO  [main] org.springframework.integration.config.DefaultConfiguringBeanFactoryPostProcessor No bean named 'integrationHeaderChannelRegistry' has been explicitly defined. Therefore, a default DefaultHeaderChannelRegistry will be created.
2023-02-05 11:12:01,550 UTC INFO  [main] org.springframework.context.support.PostProcessorRegistrationDelegate$BeanPostProcessorChecker Bean 'org.springframework.integration.config.IntegrationManagementConfiguration' of type [org.springframework.integration.config.IntegrationManagementConfiguration] is not eligible for getting processed by all BeanPostProcessors (for example: not eligible for auto-proxying)
2023-02-05 11:12:01,564 UTC INFO  [main] org.springframework.context.support.PostProcessorRegistrationDelegate$BeanPostProcessorChecker Bean 'integrationChannelResolver' of type [org.springframework.integration.support.channel.BeanFactoryChannelResolver] is not eligible for getting processed by all BeanPostProcessors (for example: not eligible for auto-proxying)
2023-02-05 11:12:02,109 UTC INFO  [main] org.springframework.boot.web.embedded.tomcat.TomcatWebServer Tomcat initialized with port(s): 8080 (http)
2023-02-05 11:12:02,122 UTC INFO  [main] org.apache.coyote.http11.Http11NioProtocol Initializing ProtocolHandler ["http-nio-8080"]
2023-02-05 11:12:02,123 UTC INFO  [main] org.apache.catalina.core.StandardService Starting service [Tomcat]
2023-02-05 11:12:02,123 UTC INFO  [main] org.apache.catalina.core.StandardEngine Starting Servlet engine: [Apache Tomcat/9.0.68]
2023-02-05 11:12:02,422 UTC INFO  [main] org.apache.catalina.core.ContainerBase.[Tomcat].[localhost].[/] Initializing Spring embedded WebApplicationContext
2023-02-05 11:12:02,423 UTC INFO  [main] org.springframework.boot.web.servlet.context.ServletWebServerApplicationContext Root WebApplicationContext: initialization completed in 3183 ms
2023-02-05 11:12:04,474 UTC INFO  [main] org.springframework.integration.endpoint.EventDrivenConsumer Adding {logging-channel-adapter:_org.springframework.integration.errorLogger} as a subscriber to the 'errorChannel' channel
2023-02-05 11:12:04,475 UTC INFO  [main] org.springframework.integration.channel.PublishSubscribeChannel Channel 'application.errorChannel' has 1 subscriber(s).
2023-02-05 11:12:04,477 UTC INFO  [main] org.springframework.integration.endpoint.EventDrivenConsumer started bean '_org.springframework.integration.errorLogger'
2023-02-05 11:12:04,478 UTC INFO  [main] org.springframework.integration.endpoint.EventDrivenConsumer Adding {message-handler:mqttBean.handler.serviceActivator} as a subscriber to the 'mqttInputChannel' channel
2023-02-05 11:12:04,478 UTC INFO  [main] org.springframework.integration.channel.DirectChannel Channel 'application.mqttInputChannel' has 1 subscriber(s).
2023-02-05 11:12:04,478 UTC INFO  [main] org.springframework.integration.endpoint.EventDrivenConsumer started bean 'mqttBean.handler.serviceActivator'
2023-02-05 11:12:04,975 UTC INFO  [nioEventLoopGroup-3-1] io.moquette.broker.metrics.MQTTMessageLogger C->B CONNECT <null>
2023-02-05 11:12:05,006 UTC INFO  [nioEventLoopGroup-3-1] io.moquette.broker.metrics.MQTTMessageLogger C->B SUBSCRIBE <server> to topics [MqttTopicSubscription[topicFilter=#, option=SubscriptionOption[qos=EXACTLY_ONCE, noLocal=false, retainAsPublished=false, retainHandling=SEND_AT_SUBSCRIBE]]]
2023-02-05 11:12:05,015 UTC INFO  [nioEventLoopGroup-3-1] io.moquette.broker.metrics.MQTTMessageLogger C<-B SUBACK <server> packetID <1>, grantedQoses [2]
2023-02-05 11:12:05,017 UTC INFO  [main] org.springframework.integration.mqtt.inbound.MqttPahoMessageDrivenChannelAdapter started bean 'inbound'; defined in: 'class path resource [com/rienel/mqttdemo/MqttBean.class]'; from source: 'MqttBean.inbound(org.springframework.messaging.MessageChannel)'
2023-02-05 11:12:05,017 UTC INFO  [main] org.apache.coyote.http11.Http11NioProtocol Starting ProtocolHandler ["http-nio-8080"]
2023-02-05 11:12:05,037 UTC INFO  [main] org.springframework.boot.web.embedded.tomcat.TomcatWebServer Tomcat started on port(s): 8080 (http) with context path ''
2023-02-05 11:12:05,060 UTC INFO  [main] com.rienel.mqttdemo.MqttDemoApplicationKt Started MqttDemoApplicationKt in 6.665 seconds (JVM running for 9.201)
2023-02-05 11:12:44,343 UTC INFO  [Thread-12] io.moquette.broker.Server Unbinding integration from the configured ports
2023-02-05 11:12:44,348 UTC INFO  [nioEventLoopGroup-3-1] io.moquette.broker.metrics.MQTTMessageLogger Channel Inactive
2023-02-05 11:12:44,357 UTC INFO  [Thread-12] io.moquette.broker.NewNettyAcceptor Waiting for worker and boss event loop groups to terminate...
2023-02-05 11:12:44,358 UTC ERROR [MQTT Rec: server] org.springframework.integration.mqtt.inbound.MqttPahoMessageDrivenChannelAdapter Lost connection: Connection lost; retrying...
2023-02-05 11:12:44,640 UTC INFO  [SpringApplicationShutdownHook] org.springframework.integration.mqtt.inbound.MqttPahoMessageDrivenChannelAdapter stopped bean 'inbound'; defined in: 'class path resource [com/rienel/mqttdemo/MqttBean.class]'; from source: 'MqttBean.inbound(org.springframework.messaging.MessageChannel)'
2023-02-05 11:12:44,640 UTC INFO  [SpringApplicationShutdownHook] org.springframework.integration.endpoint.EventDrivenConsumer Removing {logging-channel-adapter:_org.springframework.integration.errorLogger} as a subscriber to the 'errorChannel' channel
2023-02-05 11:12:44,640 UTC INFO  [SpringApplicationShutdownHook] org.springframework.integration.channel.PublishSubscribeChannel Channel 'application.errorChannel' has 0 subscriber(s).
2023-02-05 11:12:44,641 UTC INFO  [SpringApplicationShutdownHook] org.springframework.integration.endpoint.EventDrivenConsumer stopped bean '_org.springframework.integration.errorLogger'
2023-02-05 11:12:44,641 UTC INFO  [SpringApplicationShutdownHook] org.springframework.integration.endpoint.EventDrivenConsumer Removing {message-handler:mqttBean.handler.serviceActivator} as a subscriber to the 'mqttInputChannel' channel
2023-02-05 11:12:44,641 UTC INFO  [SpringApplicationShutdownHook] org.springframework.integration.channel.DirectChannel Channel 'application.mqttInputChannel' has 0 subscriber(s).
2023-02-05 11:12:44,641 UTC INFO  [SpringApplicationShutdownHook] org.springframework.integration.endpoint.EventDrivenConsumer stopped bean 'mqttBean.handler.serviceActivator'
2023-02-05 11:12:53,835 UTC INFO  [main] io.moquette.broker.config.ResourceLoaderConfig Loading configuration. ResourceLoader = classpath resource, configName = null.
2023-02-05 11:12:53,838 UTC INFO  [main] io.moquette.broker.config.ClasspathResourceLoader Loading resource. RelativePath = config/moquette.conf.
2023-02-05 11:12:53,839 UTC INFO  [main] io.moquette.broker.config.ResourceLoaderConfig Parsing configuration properties. ResourceLoader = classpath resource, configName = null.
2023-02-05 11:12:53,845 UTC INFO  [main] io.moquette.broker.Server Configuring message interceptors...
2023-02-05 11:12:53,849 UTC INFO  [main] io.moquette.interception.BrokerInterceptor Initializing broker interceptor. InterceptorIds=[]
2023-02-05 11:12:53,851 UTC INFO  [main] io.moquette.broker.Server Using default SSL context creator
2023-02-05 11:12:53,851 UTC INFO  [main] io.moquette.broker.Server An io.moquette.broker.security.AcceptAllAuthenticator authenticator instance will be used
2023-02-05 11:12:53,852 UTC INFO  [main] io.moquette.broker.Server Authorizator policy io.moquette.broker.security.PermitAllAuthorizatorPolicy instance will be used
2023-02-05 11:12:53,853 UTC INFO  [main] io.moquette.broker.subscriptions.CTrieSubscriptionDirectory Initializing CTrie
2023-02-05 11:12:53,855 UTC INFO  [main] io.moquette.broker.subscriptions.CTrieSubscriptionDirectory Initializing subscriptions store...
2023-02-05 11:12:53,913 UTC INFO  [main] io.moquette.broker.NewNettyAcceptor Netty is using NIO
2023-02-05 11:12:54,816 UTC INFO  [main] io.moquette.broker.NewNettyAcceptor Server bound to host=0.0.0.0, port=1883, protocol=TCP MQTT
2023-02-05 11:12:54,822 UTC INFO  [main] io.moquette.broker.NewNettyAcceptor Property websocket_port has been setted to disabled. Websocket MQTT will be disabled
2023-02-05 11:12:54,822 UTC INFO  [main] io.moquette.broker.Server Moquette integration has been started successfully in 978 ms
2023-02-05 11:12:56,031 UTC INFO  [main] com.rienel.mqttdemo.MqttDemoApplicationKt Starting MqttDemoApplicationKt using Java 11.0.8 on LAPTOP-I6SR58FM with PID 23156 (D:\Projects\Sources\mqttdemo\build\classes\kotlin\main started by Rienel in D:\Projects\Sources\mqttdemo)
2023-02-05 11:12:56,033 UTC INFO  [main] com.rienel.mqttdemo.MqttDemoApplicationKt No active profile set, falling back to 1 default profile: "default"
2023-02-05 11:12:57,305 UTC INFO  [main] org.springframework.integration.config.DefaultConfiguringBeanFactoryPostProcessor No bean named 'errorChannel' has been explicitly defined. Therefore, a default PublishSubscribeChannel will be created.
2023-02-05 11:12:57,325 UTC INFO  [main] org.springframework.integration.config.DefaultConfiguringBeanFactoryPostProcessor No bean named 'integrationHeaderChannelRegistry' has been explicitly defined. Therefore, a default DefaultHeaderChannelRegistry will be created.
2023-02-05 11:12:57,622 UTC INFO  [main] org.springframework.context.support.PostProcessorRegistrationDelegate$BeanPostProcessorChecker Bean 'org.springframework.integration.config.IntegrationManagementConfiguration' of type [org.springframework.integration.config.IntegrationManagementConfiguration] is not eligible for getting processed by all BeanPostProcessors (for example: not eligible for auto-proxying)
2023-02-05 11:12:57,633 UTC INFO  [main] org.springframework.context.support.PostProcessorRegistrationDelegate$BeanPostProcessorChecker Bean 'integrationChannelResolver' of type [org.springframework.integration.support.channel.BeanFactoryChannelResolver] is not eligible for getting processed by all BeanPostProcessors (for example: not eligible for auto-proxying)
2023-02-05 11:12:57,980 UTC INFO  [main] org.springframework.boot.web.embedded.tomcat.TomcatWebServer Tomcat initialized with port(s): 8080 (http)
2023-02-05 11:12:57,997 UTC INFO  [main] org.apache.coyote.http11.Http11NioProtocol Initializing ProtocolHandler ["http-nio-8080"]
2023-02-05 11:12:57,997 UTC INFO  [main] org.apache.catalina.core.StandardService Starting service [Tomcat]
2023-02-05 11:12:57,997 UTC INFO  [main] org.apache.catalina.core.StandardEngine Starting Servlet engine: [Apache Tomcat/9.0.68]
2023-02-05 11:12:58,182 UTC INFO  [main] org.apache.catalina.core.ContainerBase.[Tomcat].[localhost].[/] Initializing Spring embedded WebApplicationContext
2023-02-05 11:12:58,184 UTC INFO  [main] org.springframework.boot.web.servlet.context.ServletWebServerApplicationContext Root WebApplicationContext: initialization completed in 2075 ms
2023-02-05 11:13:00,561 UTC INFO  [main] org.springframework.integration.endpoint.EventDrivenConsumer Adding {logging-channel-adapter:_org.springframework.integration.errorLogger} as a subscriber to the 'errorChannel' channel
2023-02-05 11:13:00,562 UTC INFO  [main] org.springframework.integration.channel.PublishSubscribeChannel Channel 'application.errorChannel' has 1 subscriber(s).
2023-02-05 11:13:00,562 UTC INFO  [main] org.springframework.integration.endpoint.EventDrivenConsumer started bean '_org.springframework.integration.errorLogger'
2023-02-05 11:13:00,562 UTC INFO  [main] org.springframework.integration.endpoint.EventDrivenConsumer Adding {message-handler:mqttBean.handler.serviceActivator} as a subscriber to the 'mqttInputChannel' channel
2023-02-05 11:13:00,562 UTC INFO  [main] org.springframework.integration.channel.DirectChannel Channel 'application.mqttInputChannel' has 1 subscriber(s).
2023-02-05 11:13:00,562 UTC INFO  [main] org.springframework.integration.endpoint.EventDrivenConsumer started bean 'mqttBean.handler.serviceActivator'
2023-02-05 11:13:01,102 UTC INFO  [nioEventLoopGroup-3-1] io.moquette.broker.metrics.MQTTMessageLogger C->B CONNECT <null>
2023-02-05 11:13:01,162 UTC INFO  [nioEventLoopGroup-3-1] io.moquette.broker.metrics.MQTTMessageLogger C->B SUBSCRIBE <server> to topics [MqttTopicSubscription[topicFilter=#, option=SubscriptionOption[qos=EXACTLY_ONCE, noLocal=false, retainAsPublished=false, retainHandling=SEND_AT_SUBSCRIBE]]]
2023-02-05 11:13:01,189 UTC INFO  [nioEventLoopGroup-3-1] io.moquette.broker.metrics.MQTTMessageLogger C<-B SUBACK <server> packetID <1>, grantedQoses [2]
2023-02-05 11:13:01,206 UTC INFO  [main] org.springframework.integration.mqtt.inbound.MqttPahoMessageDrivenChannelAdapter started bean 'inbound'; defined in: 'class path resource [com/rienel/mqttdemo/MqttBean.class]'; from source: 'MqttBean.inbound(org.springframework.messaging.MessageChannel)'
2023-02-05 11:13:01,208 UTC INFO  [main] org.apache.coyote.http11.Http11NioProtocol Starting ProtocolHandler ["http-nio-8080"]
2023-02-05 11:13:01,347 UTC INFO  [main] org.springframework.boot.web.embedded.tomcat.TomcatWebServer Tomcat started on port(s): 8080 (http) with context path ''
2023-02-05 11:13:01,425 UTC INFO  [main] com.rienel.mqttdemo.MqttDemoApplicationKt Started MqttDemoApplicationKt in 5.971 seconds (JVM running for 8.192)
